<?xml version="1.0" encoding="UTF-8"?>
<!-- Generated by org.testng.reporters.JUnitReportReporter -->
<testsuite hostname="LenovoIdeaPad" failures="2" tests="3" name="com.BooksWagon.Runner.TestRunner3" time="70.192" errors="0" timestamp="2023-12-15T01:39:32 IST" skipped="0">
  <testcase classname="com.BooksWagon.Runner.TestRunner3" name="runScenario" time="14.991">
    <failure message="did not expect [My Account] but found [My Account]" type="java.lang.AssertionError">
      <![CDATA[java.lang.AssertionError: did not expect [My Account] but found [My Account]
at org.testng.Assert.fail(Assert.java:110)
at org.testng.Assert.failEquals(Assert.java:1581)
at org.testng.Assert.assertNotEqualsImpl(Assert.java:156)
at org.testng.Assert.assertNotEquals(Assert.java:2197)
at org.testng.Assert.assertNotEquals(Assert.java:2219)
at com.BooksWagon.StepDefinition.LoginFeatureStepDefinition.the_user_hover_my_account_and_clicks_on_logout_button(LoginFeatureStepDefinition.java:72)
at ✽.the User hover My Account and clicks on logout button(file:///C:/Users/USER/eclipse-workspace/BooksWagon-Project/src/test/resources/LoginFeatureBooksWagon.feature:10)
]]>
    </failure>
  </testcase> <!-- runScenario -->
  <system-out/>
  <testcase classname="com.BooksWagon.Runner.TestRunner3" name="runScenario" time="16.610"/>
  <system-out/>
  <testcase classname="com.BooksWagon.Runner.TestRunner3" name="runScenario" time="38.591">
    <failure message="did not expect [My Account] but found [My Account]" type="java.lang.AssertionError">
      <![CDATA[java.lang.AssertionError: did not expect [My Account] but found [My Account]
at org.testng.Assert.fail(Assert.java:110)
at org.testng.Assert.failEquals(Assert.java:1581)
at org.testng.Assert.assertNotEqualsImpl(Assert.java:156)
at org.testng.Assert.assertNotEquals(Assert.java:2197)
at org.testng.Assert.assertNotEquals(Assert.java:2219)
at com.BooksWagon.StepDefinition.LoginFeatureStepDefinition.the_user_hover_my_account_and_clicks_on_logout_button(LoginFeatureStepDefinition.java:72)
at ✽.the User hover My Account and clicks on logout button(file:///C:/Users/USER/eclipse-workspace/BooksWagon-Project/src/test/resources/LoginFeatureBooksWagon.feature:10)
]]>
    </failure>
  </testcase> <!-- runScenario -->
  <system-out/>
</testsuite> <!-- com.BooksWagon.Runner.TestRunner3 -->
